<?xml version="1.0" encoding="UTF-8"?>
<testng-results skipped="0" failed="0" total="1" passed="1">
  <reporter-output>
  </reporter-output>
  <suite name="Default suite" duration-ms="44779" started-at="2020-01-27T17:36:23Z" finished-at="2020-01-27T17:37:08Z">
    <groups>
    </groups>
    <test name="Default test" duration-ms="44779" started-at="2020-01-27T17:36:23Z" finished-at="2020-01-27T17:37:08Z">
      <class name="assignment.test.iPhonePrice">
        <test-method status="PASS" signature="setup()[pri:0, instance:assignment.test.iPhonePrice@2ef5e5e3]" name="setup" is-config="true" duration-ms="10432" started-at="2020-01-27T23:06:23Z" finished-at="2020-01-27T23:06:34Z">
          <reporter-output>
          </reporter-output>
        </test-method> <!-- setup -->
        <test-method status="PASS" signature="checkPriceAmazon()[pri:0, instance:assignment.test.iPhonePrice@2ef5e5e3]" name="checkPriceAmazon" duration-ms="34337" started-at="2020-01-27T23:06:34Z" finished-at="2020-01-27T23:07:08Z">
          <reporter-output>
          </reporter-output>
        </test-method> <!-- checkPriceAmazon -->
      </class> <!-- assignment.test.iPhonePrice -->
    </test> <!-- Default test -->
  </suite> <!-- Default suite -->
</testng-results>
